<?xml version="1.0" encoding="UTF-8"?>
<!-- Generated by org.testng.reporters.JUnitXMLReporter -->
<testsuite ignored="0" hostname="DESKTOP-609QHR3" failures="0" tests="3" name="Test" time="55.659" errors="0" timestamp="2024-11-29T11:52:03 IST">
  <testcase classname="NewSelenium.Runner" name="fblogin" time="4.224"/>
  <testcase classname="NewSelenium.Runner2" name="fblogin" time="7.378"/>
  <testcase classname="NewSelenium.Runner2" name="openfb" time="10.153"/>
</testsuite> <!-- Test -->
